The rain in Spain stays mainly in the plain.
These letters appear at least twice: TheainSpyl

The rain in Spain stays mainly in the plain.
No letters appear 16 or more times.

The rain in Spain stays mainly in the plain.
The text contains 35 letters, of which 12 are distinct
a: 5 
e: 2 
h: 2 
i: 6 <--most frequent 
l: 2 
m: 1 <--least frequent
n: 6 <--most frequent 
p: 2 
r: 1 <--least frequent
s: 3 
t: 3 
y: 2 

Computers are useless!  They only give you answers.
These letters appear at least once: Computersalhyngivw

lul#$icl!... uccuu15ck;;lclu'ukkksb/kul?
The text contains 26 letters, of which 7 are distinct
b: 1 <--least frequent
c: 5 
i: 1 <--least frequent
k: 5 
l: 6 
s: 1 <--least frequent
u: 7 <--most frequent 

final score
The text contains 10 letters, of which 10 are distinct
a: 1 <--most frequent <--least frequent
c: 1 <--most frequent <--least frequent
e: 1 <--most frequent <--least frequent
f: 1 <--most frequent <--least frequent
i: 1 <--most frequent <--least frequent
l: 1 <--most frequent <--least frequent
n: 1 <--most frequent <--least frequent
o: 1 <--most frequent <--least frequent
r: 1 <--most frequent <--least frequent
s: 1 <--most frequent <--least frequent

